2022/05/16 17:17:33 {"callers":["D:/program/project/practice/go/src/dousheng/main.go: 21 main.init.0"],"level":"error","message":" service.Register:err:错误码：20000000, 错误信息：用户名已存在","time":1652692653235817700}
2022/05/16 17:22:12 {"callers":["D:/program/project/practice/go/src/dousheng/main.go: 21 main.init.0"],"level":"error","message":" service.Register:err:错误码：20000000, 错误信息：用户名已存在","time":1652692932379223400}
2022/05/16 17:23:13 {"callers":["D:/program/project/practice/go/src/dousheng/main.go: 21 main.init.0"],"level":"error","message":" service.Register:err:错误码：20000000, 错误信息：用户名已存在","time":1652692993232686700}
2022/05/16 17:37:47 {"callers":["D:/program/project/practice/go/src/dousheng/main.go: 21 main.init.0"],"level":"error","message":"service.GetUserInfo fail:错误码：20000001, 错误信息：用户不存在","time":1652693867830561600}
2022/05/16 20:16:54 {"callers":["D:/program/project/practice/go/src/dousheng/main.go: 21 main.init.0"],"level":"error","message":"dao.CreateVideo fail, err:Error 1265: Data truncated for column 'created_on' at row 1","time":1652703414569504900}
2022/05/16 21:32:11 {"callers":["D:/program/project/practice/go/src/dousheng/main.go: 21 main.init.0"],"level":"error","message":"service.GetUserInfo fail:错误码：20000001, 错误信息：用户不存在","time":1652707931123543500}
2022/05/16 21:34:59 {"callers":["D:/program/project/practice/go/src/dousheng/main.go: 21 main.init.0"],"level":"error","message":"service.Unlike errs:Error 1690: BIGINT UNSIGNED value is out of range in '(`simple_douyin`.`video`.`comment_count` + ?)'","time":1652708099209664500}
2022/05/16 22:08:17 {"callers":["D:/program/project/practice/go/src/dousheng/main.go: 21 main.init.0"],"level":"error","message":"app.BindAndValid errs:Key: 'FavoriteActionRequest.VideoId' Error:Field validation for 'VideoId' failed on the 'gt' tag,Key: 'FavoriteActionRequest.ActionType' Error:Field validation for 'ActionType' failed on the 'oneof' tag","time":1652710097027575700}
2022/05/16 22:11:03 {"callers":["D:/program/project/practice/go/src/dousheng/main.go: 21 main.init.0"],"level":"error","message":"service.GetFavoriteList errs:Error 1103: Incorrect table name ''","time":1652710263083338800}
2022/05/16 22:12:41 {"callers":["D:/program/project/practice/go/src/dousheng/main.go: 21 main.init.0"],"level":"error","message":"service.GetFavoriteList errs:Error 1103: Incorrect table name ''","time":1652710361140838300}
2022/05/16 22:23:56 {"callers":["D:/program/project/practice/go/src/dousheng/main.go: 21 main.init.0"],"level":"error","message":"app.BindAndValid errs:Key: 'RelationActionRequest.ToUserId' Error:Field validation for 'ToUserId' failed on the 'gt' tag","time":1652711036978368000}
2022/05/16 23:49:31 {"callers":["D:/program/project/practice/go/src/dousheng/main.go: 21 main.init.0"],"level":"error","message":"app.BindAndValid errs:Key: 'FavoriteListRequest.UserId' Error:Field validation for 'UserId' failed on the 'gt' tag","time":1652716171165372600}
2022/05/16 23:49:54 {"callers":["D:/program/project/practice/go/src/dousheng/main.go: 21 main.init.0"],"level":"error","message":"app.BindAndValid errs:Key: 'FavoriteListRequest.UserId' Error:Field validation for 'UserId' failed on the 'gt' tag","time":1652716194270537200}
2022/05/16 23:50:02 {"callers":["D:/program/project/practice/go/src/dousheng/main.go: 21 main.init.0"],"level":"error","message":"app.BindAndValid errs:Key: 'FavoriteListRequest.UserId' Error:Field validation for 'UserId' failed on the 'gt' tag","time":1652716202119827000}
2022/05/16 23:50:07 {"callers":["D:/program/project/practice/go/src/dousheng/main.go: 21 main.init.0"],"level":"error","message":"app.BindAndValid errs:Key: 'FavoriteListRequest.UserId' Error:Field validation for 'UserId' failed on the 'gt' tag","time":1652716207008513000}
2022/05/16 23:50:16 {"callers":["D:/program/project/practice/go/src/dousheng/main.go: 21 main.init.0"],"level":"error","message":"app.BindAndValid errs:Key: 'FavoriteListRequest.UserId' Error:Field validation for 'UserId' failed on the 'gt' tag","time":1652716216517661600}
2022/05/16 23:58:04 {"callers":["D:/program/project/practice/go/src/dousheng/main.go: 21 main.init.0"],"level":"error","message":"app.BindAndValid errs:Key: 'FavoriteListRequest.UserId' Error:Field validation for 'UserId' failed on the 'gt' tag","time":1652716684702351500}
2022/05/16 23:58:09 {"callers":["D:/program/project/practice/go/src/dousheng/main.go: 21 main.init.0"],"level":"error","message":"app.BindAndValid errs:Key: 'FavoriteListRequest.UserId' Error:Field validation for 'UserId' failed on the 'gt' tag","time":1652716689604169000}
2022/05/17 00:03:47 {"callers":["D:/program/project/practice/go/src/dousheng/main.go: 21 main.init.0"],"level":"error","message":"app.BindAndValid errs:Key: 'FavoriteListRequest.UserId' Error:Field validation for 'UserId' failed on the 'gt' tag","time":1652717027758556500}
2022/05/17 00:03:54 {"callers":["D:/program/project/practice/go/src/dousheng/main.go: 21 main.init.0"],"level":"error","message":"app.BindAndValid errs:Key: 'FavoriteListRequest.UserId' Error:Field validation for 'UserId' failed on the 'gt' tag","time":1652717034491056100}
2022/05/17 10:22:57 {"callers":["D:/program/project/practice/go/src/dousheng/main.go: 21 main.init.0"],"level":"error","message":"app.BindAndValid errs:Key: 'FavoriteActionRequest.UserId' Error:Field validation for 'UserId' failed on the 'gt' tag","time":1652754177203072100}
2022/05/17 10:24:07 {"callers":["D:/program/project/practice/go/src/dousheng/main.go: 21 main.init.0"],"level":"error","message":"app.BindAndValid errs:Key: 'CommentListRequest.UserId' Error:Field validation for 'UserId' failed on the 'gt' tag","time":1652754247382584300}
2022/05/17 10:24:13 {"callers":["D:/program/project/practice/go/src/dousheng/main.go: 21 main.init.0"],"level":"error","message":"app.BindAndValid errs:Key: 'CommentActionRequest.UserId' Error:Field validation for 'UserId' failed on the 'gt' tag","time":1652754253276325300}
2022/05/17 11:52:10 {"callers":["D:/program/project/practice/go/src/dousheng/main.go: 21 main.init.0"],"level":"error","message":"app.BindAndValid errs:Key: 'CommentListRequest.UserId' Error:Field validation for 'UserId' failed on the 'gt' tag","time":1652759530269349400}
2022/05/17 11:52:35 {"callers":["D:/program/project/practice/go/src/dousheng/main.go: 21 main.init.0"],"level":"error","message":"app.BindAndValid errs:Key: 'RelationActionRequest.UserId' Error:Field validation for 'UserId' failed on the 'gt' tag","time":1652759555804057100}
2022/05/17 11:54:23 {"callers":["D:/program/project/practice/go/src/dousheng/main.go: 21 main.init.0"],"level":"error","message":"app.BindAndValid errs:Key: 'CommentListRequest.UserId' Error:Field validation for 'UserId' failed on the 'gt' tag","time":1652759663498760100}
2022/05/17 11:54:30 {"callers":["D:/program/project/practice/go/src/dousheng/main.go: 21 main.init.0"],"level":"error","message":"app.BindAndValid errs:Key: 'CommentListRequest.UserId' Error:Field validation for 'UserId' failed on the 'gt' tag","time":1652759670638607000}
2022/05/17 11:54:36 {"callers":["D:/program/project/practice/go/src/dousheng/main.go: 21 main.init.0"],"level":"error","message":"app.BindAndValid errs:Key: 'RelationActionRequest.UserId' Error:Field validation for 'UserId' failed on the 'gt' tag","time":1652759676347859900}
2022/05/17 12:53:31 {"callers":["D:/program/project/practice/go/src/dousheng/main.go: 21 main.init.0"],"level":"error","message":"service.PublishList, err:错误码：20000001, 错误信息：用户不存在","time":1652763211290277400}
2022/05/17 12:59:40 {"callers":["D:/program/project/practice/go/src/dousheng/main.go: 21 main.init.0"],"level":"error","message":"service.Like errs:Error 1062: Duplicate entry '5-3' for key 'user_video'","time":1652763580329225200}
2022/05/17 13:06:38 {"callers":["D:/program/project/practice/go/src/dousheng/main.go: 21 main.init.0"],"level":"error","message":" service.Register:err:错误码：20000000, 错误信息：用户名已存在","time":1652763998105407500}
2022/05/17 13:25:08 {"callers":["D:/program/project/practice/go/src/dousheng/main.go: 21 main.init.0"],"level":"error","message":"service.Follow errs:Error 1062: Duplicate entry '5-6' for key 'user_follower'","time":1652765108105912200}
2022/05/17 13:37:17 {"callers":["D:/program/project/practice/go/src/dousheng/main.go: 21 main.init.0"],"level":"error","message":"service.Like errs:Error 1062: Duplicate entry '5-3' for key 'user_video'","time":1652765837302649400}
2022/05/17 16:20:20 {"callers":["D:/program/project/practice/go/src/dousheng/main.go: 21 main.init.0"],"level":"error","message":"app.BindAndValid errs:Key: 'PublishListRequest.UserId' Error:Field validation for 'UserId' failed on the 'gt' tag","time":1652775620277218400}
2022/05/17 16:20:20 {"callers":["D:/program/project/practice/go/src/dousheng/main.go: 21 main.init.0"],"level":"error","message":"app.BindAndValid errs:Key: 'FavoriteListRequest.UserId' Error:Field validation for 'UserId' failed on the 'gt' tag","time":1652775620282893200}
2022/05/17 16:25:07 {"callers":["D:/program/project/practice/go/src/dousheng/main.go: 21 main.init.0"],"level":"error","message":"app.BindAndValid errs:Key: 'PublishListRequest.UserId' Error:Field validation for 'UserId' failed on the 'gt' tag","time":1652775907808396700}
2022/05/17 16:25:23 {"callers":["D:/program/project/practice/go/src/dousheng/main.go: 21 main.init.0"],"level":"error","message":"app.BindAndValid errs:Key: 'PublishListRequest.UserId' Error:Field validation for 'UserId' failed on the 'gt' tag","time":1652775923240983500}
2022/05/17 16:26:27 {"callers":["D:/program/project/practice/go/src/dousheng/main.go: 21 main.init.0"],"level":"error","message":"app.BindAndValid errs:Key: 'PublishListRequest.UserId' Error:Field validation for 'UserId' failed on the 'gt' tag","time":1652775987779609300}
2022/05/17 16:28:55 {"callers":["D:/program/project/practice/go/src/dousheng/main.go: 21 main.init.0"],"level":"error","message":"app.BindAndValid errs:Key: 'PublishListRequest.UserId' Error:Field validation for 'UserId' failed on the 'gt' tag","time":1652776135124169800}
2022/05/17 16:29:23 {"callers":["D:/program/project/practice/go/src/dousheng/main.go: 21 main.init.0"],"level":"error","message":"app.BindAndValid errs:Key: 'PublishListRequest.UserId' Error:Field validation for 'UserId' failed on the 'gt' tag","time":1652776163722225300}
2022/05/17 16:33:01 {"callers":["D:/program/project/practice/go/src/dousheng/main.go: 21 main.init.0"],"level":"error","message":"app.BindAndValid errs:Key: 'FavoriteActionRequest.UserId' Error:Field validation for 'UserId' failed on the 'gt' tag","time":1652776381026252800}
2022/05/17 16:34:47 {"callers":["D:/program/project/practice/go/src/dousheng/main.go: 21 main.init.0"],"level":"error","message":"service.Like errs:Error 1062: Duplicate entry '5-3' for key 'user_video'","time":1652776487654617000}
